  Player.cpp
C:\Program Files\Microsoft Visual Studio\2022\Community\VC\Tools\MSVC\14.34.31933\include\xstddef(130,49): error C2678: 이항 '>': 왼쪽 피연산자로 'const _Ty' 형식을 사용하는 연산자가 없거나 허용되는 변환이 없습니다.
          with
          [
              _Ty=PQNode
          ]
C:\Users\stark\Desktop\CPP\Algorithm_R\Maze\Player.cpp(197,7): message : 'bool PQNode::operator >(const PQNode &)'일 수 있습니다.
C:\Program Files\Microsoft Visual Studio\2022\Community\VC\Tools\MSVC\14.34.31933\include\stack(187,17): message : 또는       'bool std::operator >(const std::stack<_Ty,_Container> &,const std::stack<_Ty,_Container> &)'
C:\Program Files\Microsoft Visual Studio\2022\Community\VC\Tools\MSVC\14.34.31933\include\xstddef(130,49): message : 'bool std::operator >(const std::stack<_Ty,_Container> &,const std::stack<_Ty,_Container> &)': 'const _Ty'에서 'const std::stack<_Ty,_Container> &'에 대한 템플릿 인수를 추론할 수 없습니다.
          with
          [
              _Ty=PQNode
          ]
C:\Program Files\Microsoft Visual Studio\2022\Community\VC\Tools\MSVC\14.34.31933\include\map(660,17): message : 또는       'bool std::operator >(const std::multimap<_Kty,_Ty,_Pr,_Alloc> &,const std::multimap<_Kty,_Ty,_Pr,_Alloc> &)'
C:\Program Files\Microsoft Visual Studio\2022\Community\VC\Tools\MSVC\14.34.31933\include\xstddef(130,49): message : 'bool std::operator >(const std::multimap<_Kty,_Ty,_Pr,_Alloc> &,const std::multimap<_Kty,_Ty,_Pr,_Alloc> &)': 'const _Ty'에서 'const std::multimap<_Kty,_Ty,_Pr,_Alloc> &'에 대한 템플릿 인수를 추론할 수 없습니다.
          with
          [
              _Ty=PQNode
          ]
C:\Program Files\Microsoft Visual Studio\2022\Community\VC\Tools\MSVC\14.34.31933\include\map(426,17): message : 또는       'bool std::operator >(const std::map<_Kty,_Ty,_Pr,_Alloc> &,const std::map<_Kty,_Ty,_Pr,_Alloc> &)'
C:\Program Files\Microsoft Visual Studio\2022\Community\VC\Tools\MSVC\14.34.31933\include\xstddef(130,49): message : 'bool std::operator >(const std::map<_Kty,_Ty,_Pr,_Alloc> &,const std::map<_Kty,_Ty,_Pr,_Alloc> &)': 'const _Ty'에서 'const std::map<_Kty,_Ty,_Pr,_Alloc> &'에 대한 템플릿 인수를 추론할 수 없습니다.
          with
          [
              _Ty=PQNode
          ]
C:\Program Files\Microsoft Visual Studio\2022\Community\VC\Tools\MSVC\14.34.31933\include\tuple(704,27): message : 또는       'bool std::operator >(const std::tuple<_Types...> &,const std::tuple<_Types...> &)'
C:\Program Files\Microsoft Visual Studio\2022\Community\VC\Tools\MSVC\14.34.31933\include\xstddef(130,49): message : 'bool std::operator >(const std::tuple<_Types...> &,const std::tuple<_Types...> &)': 'const _Ty'에서 'const std::tuple<_Types...> &'에 대한 템플릿 인수를 추론할 수 없습니다.
          with
          [
              _Ty=PQNode
          ]
C:\Program Files\Microsoft Visual Studio\2022\Community\VC\Tools\MSVC\14.34.31933\include\queue(196,17): message : 또는       'bool std::operator >(const std::queue<_Ty,_Container> &,const std::queue<_Ty,_Container> &)'
C:\Program Files\Microsoft Visual Studio\2022\Community\VC\Tools\MSVC\14.34.31933\include\xstddef(130,49): message : 'bool std::operator >(const std::queue<_Ty,_Container> &,const std::queue<_Ty,_Container> &)': 'const _Ty'에서 'const std::queue<_Ty,_Container> &'에 대한 템플릿 인수를 추론할 수 없습니다.
          with
          [
              _Ty=PQNode
          ]
C:\Program Files\Microsoft Visual Studio\2022\Community\VC\Tools\MSVC\14.34.31933\include\deque(1736,17): message : 또는       'bool std::operator >(const std::deque<_Ty,_Alloc> &,const std::deque<_Ty,_Alloc> &)'
C:\Program Files\Microsoft Visual Studio\2022\Community\VC\Tools\MSVC\14.34.31933\include\xstddef(130,49): message : 'bool std::operator >(const std::deque<_Ty,_Alloc> &,const std::deque<_Ty,_Alloc> &)': 'const _Ty'에서 'const std::deque<_Ty,_Alloc> &'에 대한 템플릿 인수를 추론할 수 없습니다.
          with
          [
              _Ty=PQNode
          ]
C:\Program Files\Microsoft Visual Studio\2022\Community\VC\Tools\MSVC\14.34.31933\include\vector(2400,30): message : 또는       'bool std::operator >(const std::vector<_Ty,_Alloc> &,const std::vector<_Ty,_Alloc> &)'
C:\Program Files\Microsoft Visual Studio\2022\Community\VC\Tools\MSVC\14.34.31933\include\xstddef(130,49): message : 'bool std::operator >(const std::vector<_Ty,_Alloc> &,const std::vector<_Ty,_Alloc> &)': 'const _Ty'에서 'const std::vector<_Ty,_Alloc> &'에 대한 템플릿 인수를 추론할 수 없습니다.
          with
          [
              _Ty=PQNode
          ]
C:\Program Files\Microsoft Visual Studio\2022\Community\VC\Tools\MSVC\14.34.31933\include\memory(3566,30): message : 또는       'bool std::operator >(std::nullptr_t,const std::unique_ptr<_Ty,_Dx> &)'
C:\Program Files\Microsoft Visual Studio\2022\Community\VC\Tools\MSVC\14.34.31933\include\xstddef(130,49): message : 'bool std::operator >(std::nullptr_t,const std::unique_ptr<_Ty,_Dx> &)': 'const _Ty'에서 'const std::unique_ptr<_Ty,_Dx> &'에 대한 템플릿 인수를 추론할 수 없습니다.
          with
          [
              _Ty=PQNode
          ]
C:\Program Files\Microsoft Visual Studio\2022\Community\VC\Tools\MSVC\14.34.31933\include\memory(3561,30): message : 또는       'bool std::operator >(const std::unique_ptr<_Ty,_Dx> &,std::nullptr_t)'
C:\Program Files\Microsoft Visual Studio\2022\Community\VC\Tools\MSVC\14.34.31933\include\xstddef(130,49): message : 'bool std::operator >(const std::unique_ptr<_Ty,_Dx> &,std::nullptr_t)': 'const _Ty'에서 'const std::unique_ptr<_Ty,_Dx> &'에 대한 템플릿 인수를 추론할 수 없습니다.
          with
          [
              _Ty=PQNode
          ]
C:\Program Files\Microsoft Visual Studio\2022\Community\VC\Tools\MSVC\14.34.31933\include\memory(3494,17): message : 또는       'bool std::operator >(const std::unique_ptr<_Ty,_Dx> &,const std::unique_ptr<_Ty2,_Dx2> &)'
C:\Program Files\Microsoft Visual Studio\2022\Community\VC\Tools\MSVC\14.34.31933\include\xstddef(130,49): message : 'bool std::operator >(const std::unique_ptr<_Ty,_Dx> &,const std::unique_ptr<_Ty2,_Dx2> &)': 'const _Ty'에서 'const std::unique_ptr<_Ty,_Dx> &'에 대한 템플릿 인수를 추론할 수 없습니다.
          with
          [
              _Ty=PQNode
          ]
C:\Program Files\Microsoft Visual Studio\2022\Community\VC\Tools\MSVC\14.34.31933\include\memory(1899,17): message : 또는       'bool std::operator >(std::nullptr_t,const std::shared_ptr<_Ty> &) noexcept'
C:\Program Files\Microsoft Visual Studio\2022\Community\VC\Tools\MSVC\14.34.31933\include\xstddef(130,49): message : 'bool std::operator >(std::nullptr_t,const std::shared_ptr<_Ty> &) noexcept': 'const _Ty'에서 'const std::shared_ptr<_Ty> &'에 대한 템플릿 인수를 추론할 수 없습니다.
          with
          [
              _Ty=PQNode
          ]
C:\Program Files\Microsoft Visual Studio\2022\Community\VC\Tools\MSVC\14.34.31933\include\memory(1894,17): message : 또는       'bool std::operator >(const std::shared_ptr<_Ty> &,std::nullptr_t) noexcept'
C:\Program Files\Microsoft Visual Studio\2022\Community\VC\Tools\MSVC\14.34.31933\include\xstddef(130,49): message : 'bool std::operator >(const std::shared_ptr<_Ty> &,std::nullptr_t) noexcept': 'const _Ty'에서 'const std::shared_ptr<_Ty> &'에 대한 템플릿 인수를 추론할 수 없습니다.
          with
          [
              _Ty=PQNode
          ]
C:\Program Files\Microsoft Visual Studio\2022\Community\VC\Tools\MSVC\14.34.31933\include\memory(1837,17): message : 또는       'bool std::operator >(const std::shared_ptr<_Ty> &,const std::shared_ptr<_Ty0> &) noexcept'
C:\Program Files\Microsoft Visual Studio\2022\Community\VC\Tools\MSVC\14.34.31933\include\xstddef(130,49): message : 'bool std::operator >(const std::shared_ptr<_Ty> &,const std::shared_ptr<_Ty0> &) noexcept': 'const _Ty'에서 'const std::shared_ptr<_Ty> &'에 대한 템플릿 인수를 추론할 수 없습니다.
          with
          [
              _Ty=PQNode
          ]
C:\Program Files\Microsoft Visual Studio\2022\Community\VC\Tools\MSVC\14.34.31933\include\xstring(5257,17): message : 또는       'bool std::operator >(const std::basic_string<_Elem,_Traits,_Alloc> &,const _Elem *const )'
C:\Program Files\Microsoft Visual Studio\2022\Community\VC\Tools\MSVC\14.34.31933\include\xstddef(130,49): message : 'bool std::operator >(const std::basic_string<_Elem,_Traits,_Alloc> &,const _Elem *const )': 'const _Ty'에서 'const std::basic_string<_Elem,_Traits,_Alloc> &'에 대한 템플릿 인수를 추론할 수 없습니다.
          with
          [
              _Ty=PQNode
          ]
C:\Program Files\Microsoft Visual Studio\2022\Community\VC\Tools\MSVC\14.34.31933\include\xstring(5252,17): message : 또는       'bool std::operator >(const _Elem *const ,const std::basic_string<_Elem,_Traits,_Alloc> &)'
C:\Program Files\Microsoft Visual Studio\2022\Community\VC\Tools\MSVC\14.34.31933\include\xstddef(130,49): message : 'bool std::operator >(const _Elem *const ,const std::basic_string<_Elem,_Traits,_Alloc> &)': 'const _Ty'에서 'const _Elem *const '에 대한 템플릿 인수를 추론할 수 없습니다.
          with
          [
              _Ty=PQNode
          ]
C:\Program Files\Microsoft Visual Studio\2022\Community\VC\Tools\MSVC\14.34.31933\include\xstring(5246,17): message : 또는       'bool std::operator >(const std::basic_string<_Elem,_Traits,_Alloc> &,const std::basic_string<_Elem,_Traits,_Alloc> &) noexcept'
C:\Program Files\Microsoft Visual Studio\2022\Community\VC\Tools\MSVC\14.34.31933\include\xstddef(130,49): message : 'bool std::operator >(const std::basic_string<_Elem,_Traits,_Alloc> &,const std::basic_string<_Elem,_Traits,_Alloc> &) noexcept': 'const _Ty'에서 'const std::basic_string<_Elem,_Traits,_Alloc> &'에 대한 템플릿 인수를 추론할 수 없습니다.
          with
          [
              _Ty=PQNode
          ]
C:\Program Files\Microsoft Visual Studio\2022\Community\VC\Tools\MSVC\14.34.31933\include\xutility(3611,30): message : 또는       'bool std::operator >(const std::move_iterator<_Iter> &,const std::move_iterator<_Iter2> &) noexcept(<expr>)'
C:\Program Files\Microsoft Visual Studio\2022\Community\VC\Tools\MSVC\14.34.31933\include\xstddef(130,49): message : 'bool std::operator >(const std::move_iterator<_Iter> &,const std::move_iterator<_Iter2> &) noexcept(<expr>)': 'const _Ty'에서 'const std::move_iterator<_Iter> &'에 대한 템플릿 인수를 추론할 수 없습니다.
          with
          [
              _Ty=PQNode
          ]
C:\Program Files\Microsoft Visual Studio\2022\Community\VC\Tools\MSVC\14.34.31933\include\xutility(1435,5): message : 또는       'bool std::operator >(const std::reverse_iterator<_BidIt> &,const std::reverse_iterator<_BidIt2> &) noexcept(<expr>)'
C:\Program Files\Microsoft Visual Studio\2022\Community\VC\Tools\MSVC\14.34.31933\include\xstddef(130,49): message : 'bool std::operator >(const std::reverse_iterator<_BidIt> &,const std::reverse_iterator<_BidIt2> &) noexcept(<expr>)': 'const _Ty'에서 'const std::reverse_iterator<_BidIt> &'에 대한 템플릿 인수를 추론할 수 없습니다.
          with
          [
              _Ty=PQNode
          ]
C:\Program Files\Microsoft Visual Studio\2022\Community\VC\Tools\MSVC\14.34.31933\include\utility(392,27): message : 또는       'bool std::operator >(const std::pair<_Ty1,_Ty2> &,const std::pair<_Ty1,_Ty2> &)'
C:\Program Files\Microsoft Visual Studio\2022\Community\VC\Tools\MSVC\14.34.31933\include\xstddef(130,49): message : 'bool std::operator >(const std::pair<_Ty1,_Ty2> &,const std::pair<_Ty1,_Ty2> &)': 'const _Ty'에서 'const std::pair<_Ty1,_Ty2> &'에 대한 템플릿 인수를 추론할 수 없습니다.
          with
          [
              _Ty=PQNode
          ]
C:\Program Files\Microsoft Visual Studio\2022\Community\VC\Tools\MSVC\14.34.31933\include\xstddef(130,49): message : 인수 목록 '(const _Ty, const _Ty)'을(를) 일치시키는 동안
          with
          [
              _Ty=PQNode
          ]
C:\Program Files\Microsoft Visual Studio\2022\Community\VC\Tools\MSVC\14.34.31933\include\xutility(1091,16): message : 컴파일되는 함수 템플릿 인스턴스화 'bool std::_Debug_lt_pred<_Pr&,PQNode&,_Ty&,0>(std::greater<_Ty>&,_Ty1,_Ty2) noexcept(<expr>)'에 대한 참조를 확인하세요.
          with
          [
              _Pr=std::greater<PQNode>,
              _Ty=PQNode,
              _Ty1=PQNode &,
              _Ty2=PQNode &
          ]
C:\Program Files\Microsoft Visual Studio\2022\Community\VC\Tools\MSVC\14.34.31933\include\algorithm(5932,69): message : 컴파일되는 함수 템플릿 인스턴스화 'void std::_Push_heap_by_index<PQNode*,PQNode,_Fn>(_RanIt,__int64,__int64,_Ty &&,_Pr)'에 대한 참조를 확인하세요.
          with
          [
              _Fn=std::greater<PQNode>,
              _RanIt=PQNode *,
              _Ty=PQNode,
              _Pr=std::greater<PQNode>
          ]
C:\Program Files\Microsoft Visual Studio\2022\Community\VC\Tools\MSVC\14.34.31933\include\queue(375,1): message : 컴파일되는 함수 템플릿 인스턴스화 'void std::push_heap<std::_Vector_iterator<std::_Vector_val<std::_Simple_types<_Ty>>>,_Pr>(_RanIt,_RanIt,_Pr)'에 대한 참조를 확인하세요.
          with
          [
              _Ty=PQNode,
              _Pr=std::greater<PQNode>,
              _RanIt=std::_Vector_iterator<std::_Vector_val<std::_Simple_types<PQNode>>>
          ]
C:\Program Files\Microsoft Visual Studio\2022\Community\VC\Tools\MSVC\14.34.31933\include\queue(373,1): message : 클래스 템플릿 멤버 함수 'void std::priority_queue<PQNode,std::vector<PQNode,std::allocator<PQNode>>,std::greater<PQNode>>::push(PQNode &&)'을(를) 컴파일하는 중입니다.
C:\Users\stark\Desktop\CPP\Algorithm_R\Maze\Player.cpp(262,10): message : 컴파일되는 함수 템플릿 인스턴스화 'void std::priority_queue<PQNode,std::vector<PQNode,std::allocator<PQNode>>,std::greater<PQNode>>::push(PQNode &&)'에 대한 참조를 확인하세요.
C:\Users\stark\Desktop\CPP\Algorithm_R\Maze\Player.cpp(253,68): message : 컴파일되는 클래스 템플릿 인스턴스화 'std::priority_queue<PQNode,std::vector<PQNode,std::allocator<PQNode>>,std::greater<PQNode>>'에 대한 참조를 확인하세요.
